{
  "uid" : "cd249c5445e2ee19",
  "name" : "test_02_login",
  "fullName" : "test_request#test_02_login",
  "historyId" : "a4ef85c776a6f72c12398de4b6e3c8d6",
  "time" : {
    "start" : 1604845353372,
    "stop" : 1604845353372,
    "duration" : 0
  },
  "status" : "failed",
  "statusMessage" : "AssertionError: assert 3 < 2",
  "statusTrace" : "def test_02_login():\n>       assert 3<2\nE       assert 3 < 2\n\ntest_request.py:10: AssertionError",
  "flaky" : false,
  "newFailed" : false,
  "beforeStages" : [ ],
  "afterStages" : [ ],
  "labels" : [ {
    "name" : "suite",
    "value" : "test_request"
  }, {
    "name" : "host",
    "value" : "WIN-4UUDP7C921V"
  }, {
    "name" : "thread",
    "value" : "10724-MainThread"
  }, {
    "name" : "framework",
    "value" : "pytest"
  }, {
    "name" : "language",
    "value" : "cpython3"
  }, {
    "name" : "package",
    "value" : "test_request"
  }, {
    "name" : "resultFormat",
    "value" : "allure2"
  } ],
  "parameters" : [ ],
  "links" : [ ],
  "hidden" : false,
  "retry" : false,
  "extra" : {
    "severity" : "normal",
    "retries" : [ {
      "uid" : "98225267242c6b3",
      "status" : "failed",
      "statusDetails" : "AssertionError: assert 3 < 2",
      "time" : {
        "start" : 1604845095495,
        "stop" : 1604845095495,
        "duration" : 0
      }
    }, {
      "uid" : "25f68a52c60dad17",
      "status" : "passed",
      "time" : {
        "start" : 1604832880964,
        "stop" : 1604832880964,
        "duration" : 0
      }
    }, {
      "uid" : "fce570723709ac7a",
      "status" : "failed",
      "statusDetails" : "AssertionError: assert 1 > 2",
      "time" : {
        "start" : 1604832541661,
        "stop" : 1604832541662,
        "duration" : 1
      }
    } ],
    "categories" : [ {
      "name" : "Product defects",
      "matchedStatuses" : [ ],
      "flaky" : false
    } ],
    "tags" : [ ]
  },
  "source" : "cd249c5445e2ee19.json",
  "parameterValues" : [ ]
}